I, [2015-04-22T06:24:37.370664 #2497]  INFO -- : Processing by HomeController#index as HTML
I, [2015-04-22T06:24:37.382100 #2497]  INFO -- : Completed 401 Unauthorized in 11ms (ActiveRecord: 0.0ms)
I, [2015-04-22T06:24:37.418337 #2497]  INFO -- : Processing by HomeController#index as HTML
I, [2015-04-22T06:24:37.418912 #2497]  INFO -- : Completed 401 Unauthorized in 0ms (ActiveRecord: 0.0ms)
I, [2015-04-22T06:24:37.425374 #2497]  INFO -- : Processing by Devise::SessionsController#new as HTML
E, [2015-04-22T06:24:37.504399 #2497] ERROR -- : PG::UndefinedTable: ERROR:  relation "users" does not exist
LINE 5:                WHERE a.attrelid = '"users"'::regclass
                                          ^
:               SELECT a.attname, format_type(a.atttypid, a.atttypmod),
                     pg_get_expr(d.adbin, d.adrelid), a.attnotnull, a.atttypid, a.atttypmod
                FROM pg_attribute a LEFT JOIN pg_attrdef d
                  ON a.attrelid = d.adrelid AND a.attnum = d.adnum
               WHERE a.attrelid = '"users"'::regclass
                 AND a.attnum > 0 AND NOT a.attisdropped
               ORDER BY a.attnum

I, [2015-04-22T06:24:37.505005 #2497]  INFO -- : Completed 500 Internal Server Error in 79ms (ActiveRecord: 77.1ms)
I, [2015-04-22T06:27:05.325219 #2641]  INFO -- : Processing by HomeController#index as HTML
I, [2015-04-22T06:27:05.335812 #2641]  INFO -- : Completed 401 Unauthorized in 10ms (ActiveRecord: 0.0ms)
I, [2015-04-22T06:27:05.370342 #2641]  INFO -- : Processing by Devise::SessionsController#new as HTML
E, [2015-04-22T06:27:05.372697 #2641] ERROR -- : PG::UndefinedTable: ERROR:  relation "users" does not exist
LINE 5:                WHERE a.attrelid = '"users"'::regclass
                                          ^
:               SELECT a.attname, format_type(a.atttypid, a.atttypmod),
                     pg_get_expr(d.adbin, d.adrelid), a.attnotnull, a.atttypid, a.atttypmod
                FROM pg_attribute a LEFT JOIN pg_attrdef d
                  ON a.attrelid = d.adrelid AND a.attnum = d.adnum
               WHERE a.attrelid = '"users"'::regclass
                 AND a.attnum > 0 AND NOT a.attisdropped
               ORDER BY a.attnum

I, [2015-04-22T06:27:05.372865 #2641]  INFO -- : Completed 500 Internal Server Error in 2ms (ActiveRecord: 0.6ms)
D, [2015-04-22T06:27:35.896586 #2678] DEBUG -- :   [1m[36mOffer Load (0.4ms)[0m  [1mSELECT "offers".* FROM "offers"[0m
E, [2015-04-22T06:27:35.896755 #2678] ERROR -- : PG::UndefinedTable: ERROR:  relation "offers" does not exist
LINE 1: SELECT "offers".* FROM "offers"
                               ^
: SELECT "offers".* FROM "offers"
D, [2015-04-22T06:27:48.524923 #2678] DEBUG -- :   [1m[35mOffer Load (0.9ms)[0m  SELECT "offers".* FROM "offers"
E, [2015-04-22T06:27:48.525099 #2678] ERROR -- : PG::UndefinedTable: ERROR:  relation "offers" does not exist
LINE 1: SELECT "offers".* FROM "offers"
                               ^
: SELECT "offers".* FROM "offers"
I, [2015-04-22T06:29:08.692655 #2763]  INFO -- : Processing by HomeController#index as HTML
I, [2015-04-22T06:29:08.700752 #2763]  INFO -- : Completed 401 Unauthorized in 8ms (ActiveRecord: 0.0ms)
I, [2015-04-22T06:29:08.712723 #2763]  INFO -- : Processing by Devise::SessionsController#new as HTML
E, [2015-04-22T06:29:08.714797 #2763] ERROR -- : PG::UndefinedTable: ERROR:  relation "users" does not exist
LINE 5:                WHERE a.attrelid = '"users"'::regclass
                                          ^
:               SELECT a.attname, format_type(a.atttypid, a.atttypmod),
                     pg_get_expr(d.adbin, d.adrelid), a.attnotnull, a.atttypid, a.atttypmod
                FROM pg_attribute a LEFT JOIN pg_attrdef d
                  ON a.attrelid = d.adrelid AND a.attnum = d.adnum
               WHERE a.attrelid = '"users"'::regclass
                 AND a.attnum > 0 AND NOT a.attisdropped
               ORDER BY a.attnum

I, [2015-04-22T06:29:08.714940 #2763]  INFO -- : Completed 500 Internal Server Error in 2ms (ActiveRecord: 0.6ms)
I, [2015-04-22T06:29:09.426024 #2763]  INFO -- : Processing by Devise::SessionsController#new as HTML
E, [2015-04-22T06:29:09.427377 #2763] ERROR -- : PG::UndefinedTable: ERROR:  relation "users" does not exist
LINE 5:                WHERE a.attrelid = '"users"'::regclass
                                          ^
:               SELECT a.attname, format_type(a.atttypid, a.atttypmod),
                     pg_get_expr(d.adbin, d.adrelid), a.attnotnull, a.atttypid, a.atttypmod
                FROM pg_attribute a LEFT JOIN pg_attrdef d
                  ON a.attrelid = d.adrelid AND a.attnum = d.adnum
               WHERE a.attrelid = '"users"'::regclass
                 AND a.attnum > 0 AND NOT a.attisdropped
               ORDER BY a.attnum

I, [2015-04-22T06:29:09.427564 #2763]  INFO -- : Completed 500 Internal Server Error in 1ms (ActiveRecord: 0.5ms)
I, [2015-04-22T06:29:09.582091 #2763]  INFO -- : Processing by Devise::SessionsController#new as HTML
E, [2015-04-22T06:29:09.584288 #2763] ERROR -- : PG::UndefinedTable: ERROR:  relation "users" does not exist
LINE 5:                WHERE a.attrelid = '"users"'::regclass
                                          ^
:               SELECT a.attname, format_type(a.atttypid, a.atttypmod),
                     pg_get_expr(d.adbin, d.adrelid), a.attnotnull, a.atttypid, a.atttypmod
                FROM pg_attribute a LEFT JOIN pg_attrdef d
                  ON a.attrelid = d.adrelid AND a.attnum = d.adnum
               WHERE a.attrelid = '"users"'::regclass
                 AND a.attnum > 0 AND NOT a.attisdropped
               ORDER BY a.attnum

I, [2015-04-22T06:29:09.584605 #2763]  INFO -- : Completed 500 Internal Server Error in 2ms (ActiveRecord: 0.8ms)
I, [2015-04-22T06:29:09.728387 #2763]  INFO -- : Processing by Devise::SessionsController#new as HTML
E, [2015-04-22T06:29:09.729382 #2763] ERROR -- : PG::UndefinedTable: ERROR:  relation "users" does not exist
LINE 5:                WHERE a.attrelid = '"users"'::regclass
                                          ^
:               SELECT a.attname, format_type(a.atttypid, a.atttypmod),
                     pg_get_expr(d.adbin, d.adrelid), a.attnotnull, a.atttypid, a.atttypmod
                FROM pg_attribute a LEFT JOIN pg_attrdef d
                  ON a.attrelid = d.adrelid AND a.attnum = d.adnum
               WHERE a.attrelid = '"users"'::regclass
                 AND a.attnum > 0 AND NOT a.attisdropped
               ORDER BY a.attnum

I, [2015-04-22T06:29:09.729530 #2763]  INFO -- : Completed 500 Internal Server Error in 1ms (ActiveRecord: 0.4ms)
I, [2015-04-22T06:29:09.880880 #2763]  INFO -- : Processing by Devise::SessionsController#new as HTML
E, [2015-04-22T06:29:09.882819 #2763] ERROR -- : PG::UndefinedTable: ERROR:  relation "users" does not exist
LINE 5:                WHERE a.attrelid = '"users"'::regclass
                                          ^
:               SELECT a.attname, format_type(a.atttypid, a.atttypmod),
                     pg_get_expr(d.adbin, d.adrelid), a.attnotnull, a.atttypid, a.atttypmod
                FROM pg_attribute a LEFT JOIN pg_attrdef d
                  ON a.attrelid = d.adrelid AND a.attnum = d.adnum
               WHERE a.attrelid = '"users"'::regclass
                 AND a.attnum > 0 AND NOT a.attisdropped
               ORDER BY a.attnum

I, [2015-04-22T06:29:09.883052 #2763]  INFO -- : Completed 500 Internal Server Error in 2ms (ActiveRecord: 0.5ms)
I, [2015-04-22T06:29:10.000412 #2763]  INFO -- : Processing by Devise::SessionsController#new as HTML
E, [2015-04-22T06:29:10.002973 #2763] ERROR -- : PG::UndefinedTable: ERROR:  relation "users" does not exist
LINE 5:                WHERE a.attrelid = '"users"'::regclass
                                          ^
:               SELECT a.attname, format_type(a.atttypid, a.atttypmod),
                     pg_get_expr(d.adbin, d.adrelid), a.attnotnull, a.atttypid, a.atttypmod
                FROM pg_attribute a LEFT JOIN pg_attrdef d
                  ON a.attrelid = d.adrelid AND a.attnum = d.adnum
               WHERE a.attrelid = '"users"'::regclass
                 AND a.attnum > 0 AND NOT a.attisdropped
               ORDER BY a.attnum

I, [2015-04-22T06:29:10.003146 #2763]  INFO -- : Completed 500 Internal Server Error in 3ms (ActiveRecord: 1.0ms)
I, [2015-04-22T06:29:10.130893 #2763]  INFO -- : Processing by Devise::SessionsController#new as HTML
E, [2015-04-22T06:29:10.133071 #2763] ERROR -- : PG::UndefinedTable: ERROR:  relation "users" does not exist
LINE 5:                WHERE a.attrelid = '"users"'::regclass
                                          ^
:               SELECT a.attname, format_type(a.atttypid, a.atttypmod),
                     pg_get_expr(d.adbin, d.adrelid), a.attnotnull, a.atttypid, a.atttypmod
                FROM pg_attribute a LEFT JOIN pg_attrdef d
                  ON a.attrelid = d.adrelid AND a.attnum = d.adnum
               WHERE a.attrelid = '"users"'::regclass
                 AND a.attnum > 0 AND NOT a.attisdropped
               ORDER BY a.attnum

I, [2015-04-22T06:29:10.133400 #2763]  INFO -- : Completed 500 Internal Server Error in 2ms (ActiveRecord: 0.5ms)
D, [2015-04-22T06:29:32.942757 #2782] DEBUG -- :   [1m[36m (186.5ms)[0m  [1mCREATE TABLE "schema_migrations" ("version" character varying NOT NULL) [0m
D, [2015-04-22T06:29:33.009175 #2782] DEBUG -- :   [1m[35m (54.2ms)[0m  CREATE UNIQUE INDEX  "unique_schema_migrations" ON "schema_migrations"  ("version")
D, [2015-04-22T06:29:33.010947 #2782] DEBUG -- :   [1m[36mActiveRecord::SchemaMigration Load (0.3ms)[0m  [1mSELECT "schema_migrations".* FROM "schema_migrations"[0m
I, [2015-04-22T06:29:33.022757 #2782]  INFO -- : Migrating to CreateOffers (20150415204848)
D, [2015-04-22T06:29:33.023514 #2782] DEBUG -- :   [1m[35m (0.2ms)[0m  BEGIN
D, [2015-04-22T06:29:33.117463 #2782] DEBUG -- :   [1m[36m (92.4ms)[0m  [1mCREATE TABLE "offers" ("id" serial primary key, "image" character varying, "line1" character varying, "line2" character varying, "city" character varying, "state" character varying, "zip" integer, "rent" integer, "start_date" date, "end_date" date, "water" boolean, "electric" boolean, "gas" boolean, "heat" boolean, "internet" boolean, "washdry" boolean, "aircond" boolean, "handicap" boolean, "parking" boolean, "created_at" timestamp NOT NULL, "updated_at" timestamp NOT NULL) [0m
D, [2015-04-22T06:29:33.125258 #2782] DEBUG -- :   [1m[35mSQL (0.4ms)[0m  INSERT INTO "schema_migrations" ("version") VALUES ($1)  [["version", "20150415204848"]]
D, [2015-04-22T06:29:33.143817 #2782] DEBUG -- :   [1m[36m (18.1ms)[0m  [1mCOMMIT[0m
I, [2015-04-22T06:29:33.143960 #2782]  INFO -- : Migrating to AddInterestedToOffer (20150416200055)
D, [2015-04-22T06:29:33.144870 #2782] DEBUG -- :   [1m[35m (0.3ms)[0m  BEGIN
D, [2015-04-22T06:29:33.146058 #2782] DEBUG -- :   [1m[36m (0.6ms)[0m  [1mALTER TABLE "offers" ADD "interested" integer[0m
D, [2015-04-22T06:29:33.148337 #2782] DEBUG -- :   [1m[35mSQL (0.3ms)[0m  INSERT INTO "schema_migrations" ("version") VALUES ($1)  [["version", "20150416200055"]]
D, [2015-04-22T06:29:33.154879 #2782] DEBUG -- :   [1m[36m (6.2ms)[0m  [1mCOMMIT[0m
I, [2015-04-22T06:29:33.155024 #2782]  INFO -- : Migrating to DeviseCreateUsers (20150417002820)
D, [2015-04-22T06:29:33.155935 #2782] DEBUG -- :   [1m[35m (0.2ms)[0m  BEGIN
D, [2015-04-22T06:29:33.228962 #2782] DEBUG -- :   [1m[36m (70.4ms)[0m  [1mCREATE TABLE "users" ("id" serial primary key, "email" character varying DEFAULT '' NOT NULL, "encrypted_password" character varying DEFAULT '' NOT NULL, "reset_password_token" character varying, "reset_password_sent_at" timestamp, "remember_created_at" timestamp, "sign_in_count" integer DEFAULT 0 NOT NULL, "current_sign_in_at" timestamp, "last_sign_in_at" timestamp, "current_sign_in_ip" character varying, "last_sign_in_ip" character varying, "created_at" timestamp, "updated_at" timestamp) [0m
D, [2015-04-22T06:29:33.251346 #2782] DEBUG -- :   [1m[35m (21.0ms)[0m  CREATE UNIQUE INDEX  "index_users_on_email" ON "users"  ("email")
D, [2015-04-22T06:29:33.273852 #2782] DEBUG -- :   [1m[36m (21.1ms)[0m  [1mCREATE UNIQUE INDEX  "index_users_on_reset_password_token" ON "users"  ("reset_password_token")[0m
D, [2015-04-22T06:29:33.275486 #2782] DEBUG -- :   [1m[35mSQL (0.2ms)[0m  INSERT INTO "schema_migrations" ("version") VALUES ($1)  [["version", "20150417002820"]]
D, [2015-04-22T06:29:33.288672 #2782] DEBUG -- :   [1m[36m (12.9ms)[0m  [1mCOMMIT[0m
I, [2015-04-22T06:29:33.288877 #2782]  INFO -- : Migrating to AddOffersToUser (20150417153659)
D, [2015-04-22T06:29:33.290396 #2782] DEBUG -- :   [1m[35m (0.5ms)[0m  BEGIN
D, [2015-04-22T06:29:33.292212 #2782] DEBUG -- :   [1m[36m (0.8ms)[0m  [1mALTER TABLE "users" ADD "offers_id" integer[0m
D, [2015-04-22T06:29:33.329541 #2782] DEBUG -- :   [1m[35m (35.1ms)[0m  CREATE  INDEX  "index_users_on_offers_id" ON "users"  ("offers_id")
D, [2015-04-22T06:29:33.331477 #2782] DEBUG -- :   [1m[36mSQL (0.2ms)[0m  [1mINSERT INTO "schema_migrations" ("version") VALUES ($1)[0m  [["version", "20150417153659"]]
D, [2015-04-22T06:29:33.343714 #2782] DEBUG -- :   [1m[35m (12.0ms)[0m  COMMIT
I, [2015-04-22T06:29:33.343817 #2782]  INFO -- : Migrating to AddUserToOffer (20150417161846)
D, [2015-04-22T06:29:33.344552 #2782] DEBUG -- :   [1m[36m (0.3ms)[0m  [1mBEGIN[0m
D, [2015-04-22T06:29:33.345560 #2782] DEBUG -- :   [1m[35m (0.4ms)[0m  ALTER TABLE "offers" ADD "user_id" integer
D, [2015-04-22T06:29:33.385270 #2782] DEBUG -- :   [1m[36m (37.2ms)[0m  [1mCREATE  INDEX  "index_offers_on_user_id" ON "offers"  ("user_id")[0m
D, [2015-04-22T06:29:33.388830 #2782] DEBUG -- :   [1m[35m (2.9ms)[0m  ALTER TABLE "offers" ADD CONSTRAINT "fk_rails_e6095d6211"
FOREIGN KEY ("user_id")
  REFERENCES "users" ("id")

D, [2015-04-22T06:29:33.391002 #2782] DEBUG -- :   [1m[36mSQL (0.2ms)[0m  [1mINSERT INTO "schema_migrations" ("version") VALUES ($1)[0m  [["version", "20150417161846"]]
D, [2015-04-22T06:29:33.399390 #2782] DEBUG -- :   [1m[35m (8.1ms)[0m  COMMIT
I, [2015-04-22T06:29:33.399509 #2782]  INFO -- : Migrating to AddDetailsToUsers (20150417172618)
D, [2015-04-22T06:29:33.400352 #2782] DEBUG -- :   [1m[36m (0.3ms)[0m  [1mBEGIN[0m
D, [2015-04-22T06:29:33.401480 #2782] DEBUG -- :   [1m[35m (0.5ms)[0m  ALTER TABLE "users" ADD "firstname" character varying
D, [2015-04-22T06:29:33.402122 #2782] DEBUG -- :   [1m[36m (0.3ms)[0m  [1mALTER TABLE "users" ADD "lastname" character varying[0m
D, [2015-04-22T06:29:33.402743 #2782] DEBUG -- :   [1m[35m (0.3ms)[0m  ALTER TABLE "users" ADD "school" character varying
D, [2015-04-22T06:29:33.404941 #2782] DEBUG -- :   [1m[36mSQL (0.2ms)[0m  [1mINSERT INTO "schema_migrations" ("version") VALUES ($1)[0m  [["version", "20150417172618"]]
D, [2015-04-22T06:29:33.410413 #2782] DEBUG -- :   [1m[35m (5.2ms)[0m  COMMIT
I, [2015-04-22T06:29:33.410538 #2782]  INFO -- : Migrating to AddLatLngToOffers (20150421195531)
D, [2015-04-22T06:29:33.411317 #2782] DEBUG -- :   [1m[36m (0.2ms)[0m  [1mBEGIN[0m
D, [2015-04-22T06:29:33.412380 #2782] DEBUG -- :   [1m[35m (0.5ms)[0m  ALTER TABLE "offers" ADD "latitude" float
D, [2015-04-22T06:29:33.413012 #2782] DEBUG -- :   [1m[36m (0.3ms)[0m  [1mALTER TABLE "offers" ADD "longitude" float[0m
D, [2015-04-22T06:29:33.415172 #2782] DEBUG -- :   [1m[35mSQL (0.2ms)[0m  INSERT INTO "schema_migrations" ("version") VALUES ($1)  [["version", "20150421195531"]]
D, [2015-04-22T06:29:33.421538 #2782] DEBUG -- :   [1m[36m (6.0ms)[0m  [1mCOMMIT[0m
I, [2015-04-22T06:29:44.424526 #2789]  INFO -- : Processing by HomeController#index as HTML
I, [2015-04-22T06:29:44.436353 #2789]  INFO -- : Completed 401 Unauthorized in 11ms (ActiveRecord: 0.0ms)
I, [2015-04-22T06:29:44.456963 #2789]  INFO -- : Processing by Devise::SessionsController#new as HTML
I, [2015-04-22T06:29:44.498809 #2789]  INFO -- :   Rendered devise/shared/_links.html.erb (1.2ms)
I, [2015-04-22T06:29:44.498945 #2789]  INFO -- :   Rendered devise/sessions/new.html.erb within layouts/application (16.2ms)
I, [2015-04-22T06:29:44.501271 #2789]  INFO -- : Completed 200 OK in 44ms (Views: 21.7ms | ActiveRecord: 3.7ms)
I, [2015-04-22T06:29:54.811904 #2789]  INFO -- : Processing by Devise::SessionsController#new as HTML
I, [2015-04-22T06:29:54.816186 #2789]  INFO -- :   Rendered devise/shared/_links.html.erb (0.5ms)
I, [2015-04-22T06:29:54.816414 #2789]  INFO -- :   Rendered devise/sessions/new.html.erb within layouts/application (2.7ms)
I, [2015-04-22T06:29:54.817589 #2789]  INFO -- : Completed 200 OK in 5ms (Views: 4.0ms | ActiveRecord: 0.0ms)
I, [2015-04-22T06:29:55.506428 #2789]  INFO -- : Processing by Devise::SessionsController#new as HTML
I, [2015-04-22T06:29:55.509462 #2789]  INFO -- :   Rendered devise/shared/_links.html.erb (0.2ms)
I, [2015-04-22T06:29:55.509547 #2789]  INFO -- :   Rendered devise/sessions/new.html.erb within layouts/application (1.9ms)
I, [2015-04-22T06:29:55.510419 #2789]  INFO -- : Completed 200 OK in 4ms (Views: 3.1ms | ActiveRecord: 0.0ms)
I, [2015-04-22T06:30:18.585052 #2838]  INFO -- : Processing by Devise::SessionsController#new as HTML
I, [2015-04-22T06:30:18.619343 #2838]  INFO -- :   Rendered devise/shared/_links.html.erb (0.9ms)
I, [2015-04-22T06:30:18.619429 #2838]  INFO -- :   Rendered devise/sessions/new.html.erb within layouts/application (11.0ms)
I, [2015-04-22T06:30:18.620990 #2838]  INFO -- : Completed 200 OK in 36ms (Views: 15.5ms | ActiveRecord: 2.8ms)
I, [2015-04-22T06:32:09.629834 #2946]  INFO -- : Processing by Devise::SessionsController#new as HTML
I, [2015-04-22T06:32:09.666775 #2946]  INFO -- :   Rendered devise/shared/_links.html.erb (0.9ms)
I, [2015-04-22T06:32:09.666862 #2946]  INFO -- :   Rendered devise/sessions/new.html.erb within layouts/application (10.2ms)
I, [2015-04-22T06:32:09.668440 #2946]  INFO -- : Completed 200 OK in 38ms (Views: 14.6ms | ActiveRecord: 3.5ms)
I, [2015-04-22T06:32:10.671540 #2946]  INFO -- : Processing by Devise::SessionsController#new as HTML
I, [2015-04-22T06:32:10.675881 #2946]  INFO -- :   Rendered devise/shared/_links.html.erb (0.3ms)
I, [2015-04-22T06:32:10.676000 #2946]  INFO -- :   Rendered devise/sessions/new.html.erb within layouts/application (2.6ms)
I, [2015-04-22T06:32:10.677147 #2946]  INFO -- : Completed 200 OK in 5ms (Views: 4.0ms | ActiveRecord: 0.0ms)
I, [2015-04-22T06:33:22.634239 #2946]  INFO -- : Processing by Devise::SessionsController#new as HTML
I, [2015-04-22T06:33:22.645588 #2946]  INFO -- :   Rendered devise/shared/_links.html.erb (0.2ms)
I, [2015-04-22T06:33:22.645691 #2946]  INFO -- :   Rendered devise/sessions/new.html.erb within layouts/application (10.3ms)
I, [2015-04-22T06:33:22.646589 #2946]  INFO -- : Completed 200 OK in 12ms (Views: 11.3ms | ActiveRecord: 0.0ms)
I, [2015-04-22T06:33:24.112479 #2946]  INFO -- : Processing by Devise::SessionsController#new as HTML
I, [2015-04-22T06:33:24.116157 #2946]  INFO -- :   Rendered devise/shared/_links.html.erb (0.3ms)
I, [2015-04-22T06:33:24.116287 #2946]  INFO -- :   Rendered devise/sessions/new.html.erb within layouts/application (2.3ms)
I, [2015-04-22T06:33:24.117432 #2946]  INFO -- : Completed 200 OK in 5ms (Views: 3.7ms | ActiveRecord: 0.0ms)
I, [2015-04-22T06:33:31.240712 #3013]  INFO -- : Processing by Devise::SessionsController#new as HTML
I, [2015-04-22T06:33:31.277912 #3013]  INFO -- :   Rendered devise/shared/_links.html.erb (0.9ms)
I, [2015-04-22T06:33:31.277998 #3013]  INFO -- :   Rendered devise/sessions/new.html.erb within layouts/application (11.0ms)
I, [2015-04-22T06:34:19.018702 #3013]  INFO -- : Completed 401 Unauthorized in 47778ms (ActiveRecord: 3.3ms)
I, [2015-04-22T06:39:56.173976 #3327]  INFO -- : Processing by HomeController#index as HTML
I, [2015-04-22T06:39:56.182871 #3327]  INFO -- : Completed 401 Unauthorized in 9ms (ActiveRecord: 0.0ms)
I, [2015-04-22T06:39:56.194857 #3327]  INFO -- : Processing by Devise::SessionsController#new as HTML
I, [2015-04-22T06:39:56.219858 #3327]  INFO -- :   Rendered devise/shared/_links.html.erb (0.9ms)
I, [2015-04-22T06:39:56.219944 #3327]  INFO -- :   Rendered devise/sessions/new.html.erb within layouts/application (6.8ms)
I, [2015-04-22T06:39:56.221531 #3327]  INFO -- : Completed 200 OK in 27ms (Views: 10.5ms | ActiveRecord: 2.7ms)
I, [2015-04-22T06:40:12.654148 #3327]  INFO -- : Processing by Devise::SessionsController#new as HTML
I, [2015-04-22T06:40:12.657261 #3327]  INFO -- :   Rendered devise/shared/_links.html.erb (0.2ms)
I, [2015-04-22T06:40:12.657368 #3327]  INFO -- :   Rendered devise/sessions/new.html.erb within layouts/application (1.9ms)
I, [2015-04-22T06:40:12.658357 #3327]  INFO -- : Completed 200 OK in 4ms (Views: 3.1ms | ActiveRecord: 0.0ms)
I, [2015-04-22T07:18:41.974382 #5415]  INFO -- : Processing by OffersController#index as HTML
D, [2015-04-22T07:18:41.987532 #5415] DEBUG -- :   [1m[36mUser Load (0.4ms)[0m  [1mSELECT  "users".* FROM "users" WHERE "users"."id" = $1  ORDER BY "users"."id" ASC LIMIT 1[0m  [["id", 1]]
D, [2015-04-22T07:18:42.002676 #5415] DEBUG -- :   [1m[35mOffer Load (0.7ms)[0m  SELECT "offers".* FROM "offers"
I, [2015-04-22T07:18:42.004832 #5415]  INFO -- :   Rendered offers/index.html.erb within layouts/application (4.5ms)
I, [2015-04-22T07:18:42.008012 #5415]  INFO -- : Completed 200 OK in 33ms (Views: 8.5ms | ActiveRecord: 5.0ms)
I, [2015-04-22T07:18:47.910832 #5415]  INFO -- : Processing by OffersController#index as HTML
D, [2015-04-22T07:18:47.912308 #5415] DEBUG -- :   [1m[36mUser Load (0.3ms)[0m  [1mSELECT  "users".* FROM "users" WHERE "users"."id" = $1  ORDER BY "users"."id" ASC LIMIT 1[0m  [["id", 1]]
D, [2015-04-22T07:18:47.914042 #5415] DEBUG -- :   [1m[35mOffer Load (0.3ms)[0m  SELECT "offers".* FROM "offers"
I, [2015-04-22T07:18:47.914402 #5415]  INFO -- :   Rendered offers/index.html.erb within layouts/application (0.9ms)
I, [2015-04-22T07:18:47.915726 #5415]  INFO -- : Completed 200 OK in 5ms (Views: 2.5ms | ActiveRecord: 0.6ms)
I, [2015-04-22T10:58:08.959018 #5415]  INFO -- : Processing by OffersController#index as HTML
D, [2015-04-22T10:58:08.960214 #5415] DEBUG -- :   [1m[36mUser Load (0.4ms)[0m  [1mSELECT  "users".* FROM "users" WHERE "users"."id" = $1  ORDER BY "users"."id" ASC LIMIT 1[0m  [["id", 1]]
D, [2015-04-22T10:58:08.961410 #5415] DEBUG -- :   [1m[35mOffer Load (0.3ms)[0m  SELECT "offers".* FROM "offers"
I, [2015-04-22T10:58:08.961937 #5415]  INFO -- :   Rendered offers/index.html.erb within layouts/application (1.0ms)
I, [2015-04-22T10:58:08.962997 #5415]  INFO -- : Completed 200 OK in 4ms (Views: 2.0ms | ActiveRecord: 0.6ms)
I, [2015-04-22T10:58:13.106308 #5415]  INFO -- : Processing by OffersController#index as HTML
D, [2015-04-22T10:58:13.107413 #5415] DEBUG -- :   [1m[36mUser Load (0.3ms)[0m  [1mSELECT  "users".* FROM "users" WHERE "users"."id" = $1  ORDER BY "users"."id" ASC LIMIT 1[0m  [["id", 1]]
D, [2015-04-22T10:58:13.109072 #5415] DEBUG -- :   [1m[35mOffer Load (0.4ms)[0m  SELECT "offers".* FROM "offers"
I, [2015-04-22T10:58:13.109381 #5415]  INFO -- :   Rendered offers/index.html.erb within layouts/application (1.2ms)
I, [2015-04-22T10:58:13.110488 #5415]  INFO -- : Completed 200 OK in 4ms (Views: 2.0ms | ActiveRecord: 0.8ms)
I, [2015-04-22T10:58:20.573916 #5415]  INFO -- : Processing by HomeController#index as HTML
D, [2015-04-22T10:58:20.575024 #5415] DEBUG -- :   [1m[36mUser Load (0.3ms)[0m  [1mSELECT  "users".* FROM "users" WHERE "users"."id" = $1  ORDER BY "users"."id" ASC LIMIT 1[0m  [["id", 1]]
I, [2015-04-22T10:58:20.589965 #5415]  INFO -- :   Rendered home/index.html.erb within layouts/application (0.6ms)
I, [2015-04-22T10:58:20.591697 #5415]  INFO -- : Completed 200 OK in 18ms (Views: 16.2ms | ActiveRecord: 0.3ms)
I, [2015-04-22T10:58:20.601075 #5415]  INFO -- : Processing by HomeController#index as HTML
D, [2015-04-22T10:58:20.602653 #5415] DEBUG -- :   [1m[35mUser Load (0.4ms)[0m  SELECT  "users".* FROM "users" WHERE "users"."id" = $1  ORDER BY "users"."id" ASC LIMIT 1  [["id", 1]]
I, [2015-04-22T10:58:20.604934 #5415]  INFO -- :   Rendered home/index.html.erb within layouts/application (0.5ms)
I, [2015-04-22T10:58:20.606759 #5415]  INFO -- : Completed 200 OK in 6ms (Views: 3.3ms | ActiveRecord: 0.4ms)
I, [2015-04-22T11:34:18.517508 #7540]  INFO -- : Processing by OffersController#index as HTML
I, [2015-04-22T11:34:18.527425 #7540]  INFO -- : Completed 401 Unauthorized in 10ms (ActiveRecord: 0.0ms)
I, [2015-04-22T11:34:18.550083 #7540]  INFO -- : Processing by Devise::SessionsController#new as HTML
I, [2015-04-22T11:34:18.600516 #7540]  INFO -- :   Rendered devise/shared/_links.html.erb (1.4ms)
I, [2015-04-22T11:34:18.600630 #7540]  INFO -- :   Rendered devise/sessions/new.html.erb within layouts/application (13.8ms)
I, [2015-04-22T11:34:18.602436 #7540]  INFO -- : Completed 200 OK in 52ms (Views: 18.4ms | ActiveRecord: 8.9ms)
